<?xml version="1.0" encoding="UTF-8"?>
<!-- Generated by org.testng.reporters.JUnitXMLReporter -->
<testsuite hostname="MININT-3H1P58N" name="chromeTest" tests="3" failures="3" timestamp="25 Apr 2016 17:24:34 GMT" time="11.595" errors="0">
  <testcase name="f" time="0.004" classname="com.selenium.testmodule.GmailLoginTest">
    <failure type="java.lang.NullPointerException">
      <![CDATA[java.lang.NullPointerException
	at org.openqa.selenium.support.pagefactory.DefaultElementLocator.findElement(DefaultElementLocator.java:69)
	at org.openqa.selenium.support.pagefactory.internal.LocatingElementHandler.invoke(LocatingElementHandler.java:38)
	at com.sun.proxy.$Proxy9.click(Unknown Source)
	at com.selenium.utilmodule.LocatorMethodsPage.buttonClick(LocatorMethodsPage.java:13)
	at com.selenium.appmodule.ToolsqaBasePage.search(ToolsqaBasePage.java:21)
	at com.selenium.testmodule.GmailLoginTest.f(GmailLoginTest.java:19)
	at java.util.concurrent.FutureTask.run(Unknown Source)
	at java.util.concurrent.ThreadPoolExecutor.runWorker(Unknown Source)
	at java.util.concurrent.ThreadPoolExecutor$Worker.run(Unknown Source)
	at java.lang.Thread.run(Unknown Source)
... Removed 16 stack frames]]>
    </failure>
  </testcase> <!-- f -->
  <testcase name="f" time="0.004" classname="com.selenium.testmodule.GmailLoginTest">
    <failure type="java.lang.NullPointerException">
      <![CDATA[java.lang.NullPointerException
	at org.openqa.selenium.support.pagefactory.DefaultElementLocator.findElement(DefaultElementLocator.java:69)
	at org.openqa.selenium.support.pagefactory.internal.LocatingElementHandler.invoke(LocatingElementHandler.java:38)
	at com.sun.proxy.$Proxy9.click(Unknown Source)
	at com.selenium.utilmodule.LocatorMethodsPage.buttonClick(LocatorMethodsPage.java:13)
	at com.selenium.appmodule.ToolsqaBasePage.search(ToolsqaBasePage.java:21)
	at com.selenium.testmodule.GmailLoginTest.f(GmailLoginTest.java:19)
	at java.util.concurrent.FutureTask.run(Unknown Source)
	at java.util.concurrent.ThreadPoolExecutor.runWorker(Unknown Source)
	at java.util.concurrent.ThreadPoolExecutor$Worker.run(Unknown Source)
	at java.lang.Thread.run(Unknown Source)
... Removed 16 stack frames]]>
    </failure>
  </testcase> <!-- f -->
  <testcase name="f" time="0.002" classname="com.selenium.testmodule.GmailLoginTest">
    <failure type="java.lang.NullPointerException">
      <![CDATA[java.lang.NullPointerException
	at org.openqa.selenium.support.pagefactory.DefaultElementLocator.findElement(DefaultElementLocator.java:69)
	at org.openqa.selenium.support.pagefactory.internal.LocatingElementHandler.invoke(LocatingElementHandler.java:38)
	at com.sun.proxy.$Proxy9.click(Unknown Source)
	at com.selenium.utilmodule.LocatorMethodsPage.buttonClick(LocatorMethodsPage.java:13)
	at com.selenium.appmodule.ToolsqaBasePage.search(ToolsqaBasePage.java:21)
	at com.selenium.testmodule.GmailLoginTest.f(GmailLoginTest.java:19)
	at java.util.concurrent.FutureTask.run(Unknown Source)
	at java.util.concurrent.ThreadPoolExecutor.runWorker(Unknown Source)
	at java.util.concurrent.ThreadPoolExecutor$Worker.run(Unknown Source)
	at java.lang.Thread.run(Unknown Source)
... Removed 16 stack frames]]>
    </failure>
  </testcase> <!-- f -->
</testsuite> <!-- chromeTest -->
