<?xml version="1.0" encoding="UTF-8"?>
<testng-results skipped="0" failed="0" total="1" passed="1">
  <reporter-output>
  </reporter-output>
  <suite name="Suite" duration-ms="10336218" started-at="2016-06-09T00:01:46Z" finished-at="2016-06-09T02:54:02Z">
    <groups>
    </groups>
    <test name="firefoxtestTest" duration-ms="10336218" started-at="2016-06-09T00:01:46Z" finished-at="2016-06-09T02:54:02Z">
      <class name="com.selenium.testmodule.GmailLoginTest">
        <test-method status="PASS" signature="f()[pri:0, instance:com.selenium.testmodule.GmailLoginTest@1629756]" name="f" duration-ms="10336203" started-at="2016-06-08T17:01:46Z" finished-at="2016-06-08T19:54:02Z">
          <reporter-output>
          </reporter-output>
        </test-method> <!-- f -->
      </class> <!-- com.selenium.testmodule.GmailLoginTest -->
    </test> <!-- firefoxtestTest -->
  </suite> <!-- Suite -->
</testng-results>
